<?xml version="1.0" encoding="UTF-8"?>
<!-- Generated by org.testng.reporters.JUnitXMLReporter -->
<testsuite ignored="2" hostname="LAPTOP-RF9RK0GL" failures="0" tests="1" name="Playwright101 Test Scenario 3 - Firefox macOS Catiline" time="1.528" errors="0" timestamp="26 Jan 2025 05:14:21 GMT">
  <testcase classname="playwrightTestNG.LambdatestPlaywright101" name="@BeforeMethod setup" time="1.516">
    <failure type="com.microsoft.playwright.PlaywrightException" message="Error {
  message=&amp;apos;Unsupported platfrom macOS Catiline
  name=&amp;apos;Internal Server Error
  stack=&amp;apos;null
}">
      <![CDATA[com.microsoft.playwright.PlaywrightException: Error {
  message='Unsupported platfrom macOS Catiline
  name='Internal Server Error
  stack='null
}
at com.microsoft.playwright.impl.WaitableResult.get(WaitableResult.java:56)
at com.microsoft.playwright.impl.ChannelOwner.runUntil(ChannelOwner.java:132)
at com.microsoft.playwright.impl.Connection.sendMessage(Connection.java:130)
at com.microsoft.playwright.impl.ChannelOwner.sendMessage(ChannelOwner.java:118)
at com.microsoft.playwright.impl.Connection$Root.initialize(Connection.java:86)
at com.microsoft.playwright.impl.Connection.initializePlaywright(Connection.java:181)
at com.microsoft.playwright.impl.BrowserTypeImpl.connectImpl(BrowserTypeImpl.java:89)
at com.microsoft.playwright.impl.BrowserTypeImpl.lambda$connect$1(BrowserTypeImpl.java:60)
at com.microsoft.playwright.impl.LoggingSupport.withLogging(LoggingSupport.java:47)
at com.microsoft.playwright.impl.ChannelOwner.withLogging(ChannelOwner.java:97)
at com.microsoft.playwright.impl.BrowserTypeImpl.connect(BrowserTypeImpl.java:60)
at com.microsoft.playwright.BrowserType.connect(BrowserType.java:1178)
at playwrightTestNG.LambdatestPlaywright101.setup(LambdatestPlaywright101.java:56)
Caused by: com.microsoft.playwright.impl.DriverException: Error {
  message='Unsupported platfrom macOS Catiline
  name='Internal Server Error
  stack='null
}
at com.microsoft.playwright.impl.Connection.dispatch(Connection.java:259)
at com.microsoft.playwright.impl.Connection.processOneMessage(Connection.java:211)
at com.microsoft.playwright.impl.ChannelOwner.runUntil(ChannelOwner.java:130)
... 37 more
... Removed 26 stack frames]]>
    </failure>
  </testcase> <!-- @BeforeMethod setup -->
  <testcase classname="playwrightTestNG.LambdatestPlaywright101" name="@AfterMethod quitDriver" time="0.0">
    <skipped/>
  </testcase> <!-- @AfterMethod quitDriver -->
  <testcase classname="playwrightTestNG.LambdatestPlaywright101" name="test_scenario3" time="0.0">
    <skipped/>
  </testcase> <!-- test_scenario3 -->
  <testcase classname="playwrightTestNG.LambdatestPlaywright101" name="test_scenario1" time="0.0">
    <ignored/>
  </testcase> <!-- test_scenario1 -->
  <testcase classname="playwrightTestNG.LambdatestPlaywright101" name="test_scenario2" time="0.0">
    <ignored/>
  </testcase> <!-- test_scenario2 -->
</testsuite> <!-- Playwright101 Test Scenario 3 - Firefox macOS Catiline -->
