<?xml version="1.0" encoding="UTF-8"?>
<!-- Generated by org.testng.reporters.JUnitXMLReporter -->
<testsuite ignored="2" hostname="LAPTOP-RF9RK0GL" failures="0" tests="1" name="Playwright101 Test Scenario 2 - Firefox macOS Monterey" time="24.25" errors="0" timestamp="26 Jan 2025 05:20:02 GMT">
  <testcase classname="playwrightTestNG.LambdatestPlaywright101" name="test_scenario2" time="8.817"/>
  <testcase classname="playwrightTestNG.LambdatestPlaywright101" name="test_scenario1" time="0.0">
    <ignored/>
  </testcase> <!-- test_scenario1 -->
  <testcase classname="playwrightTestNG.LambdatestPlaywright101" name="test_scenario3" time="0.0">
    <ignored/>
  </testcase> <!-- test_scenario3 -->
</testsuite> <!-- Playwright101 Test Scenario 2 - Firefox macOS Monterey -->
