<?xml version="1.0" encoding="UTF-8"?>
<!-- Generated by org.testng.reporters.JUnitXMLReporter -->
<testsuite ignored="0" hostname="LAPTOP-RF9RK0GL" failures="0" tests="3" name="PlaywrightTest sample" time="99.044" errors="0" timestamp="26 Jan 2025 04:58:20 GMT">
  <testcase classname="playwrightTestNG.LambdatestTestNG" name="test01" time="3.635"/>
  <testcase classname="playwrightTestNG.LambdatestTestNG" name="test02" time="0.003"/>
  <testcase classname="playwrightTestNG.LambdatestTestNG" name="test03" time="0.001"/>
</testsuite> <!-- PlaywrightTest sample -->
